<?xml version="1.0" encoding="UTF-8"?>
<!-- Generated by org.testng.reporters.JUnitReportReporter -->
<testsuite skipped="1" hostname="LeelaKunchala" name="contactListApi.PostiveTests" tests="5" failures="0" timestamp="21 Sep 2021 07:21:40 GMT" time="8.535" errors="0">
  <testcase name="deleteContact" time="0.635" classname="contactListApi.PostiveTests"/>
  <testcase name="addContact" time="6.618" classname="contactListApi.PostiveTests"/>
  <testcase name="updateContact" time="0.651" classname="contactListApi.PostiveTests"/>
  <testcase name="getSpecificContact" time="0.631" classname="contactListApi.PostiveTests"/>
  <testcase name="gettingAllContact" classname="contactListApi.PostiveTests">
    <skipped/>
  </testcase> <!-- gettingAllContact -->
</testsuite> <!-- contactListApi.PostiveTests -->
