<?xml version="1.0" encoding="UTF-8"?>
<!-- Generated by org.testng.reporters.JUnitReportReporter -->
<testsuite skipped="0" hostname="LeelaKunchala" name="contactListApi.NegativeTests" tests="5" failures="0" timestamp="21 Sep 2021 09:23:43 GMT" time="5.752" errors="0">
  <testcase name="f1" time="1.470" classname="contactListApi.NegativeTests"/>
  <testcase name="f2" time="0.565" classname="contactListApi.NegativeTests"/>
  <testcase name="f4" time="0.519" classname="contactListApi.NegativeTests"/>
  <testcase name="f" time="2.494" classname="contactListApi.NegativeTests"/>
  <testcase name="f5" time="0.704" classname="contactListApi.NegativeTests"/>
</testsuite> <!-- contactListApi.NegativeTests -->
