<?xml version="1.0" encoding="UTF-8"?>
<!-- Generated by org.testng.reporters.JUnitReportReporter -->
<testsuite skipped="0" hostname="LeelaKunchala" name="gitHub.GitHubExample" tests="2" failures="0" timestamp="21 Sep 2021 12:17:06 GMT" time="3.850" errors="0">
  <testcase name="getAllRepository" time="0.913" classname="gitHub.GitHubExample"/>
  <testcase name="createRepository" time="2.937" classname="gitHub.GitHubExample"/>
</testsuite> <!-- gitHub.GitHubExample -->
