<?xml version="1.0" encoding="UTF-8"?>
<!-- Generated by org.testng.reporters.JUnitReportReporter -->
<testsuite skipped="0" hostname="LeelaKunchala" name="weatherAPI.WeatherAPICalls" tests="4" failures="0" timestamp="21 Sep 2021 10:23:57 GMT" time="4.039" errors="0">
  <testcase name="gettingWeatherInfo" time="3.409" classname="weatherAPI.WeatherAPICalls"/>
  <testcase name="gettingWeatherInfo2" time="0.237" classname="weatherAPI.WeatherAPICalls"/>
  <testcase name="gettingWeatherInfo3" time="0.195" classname="weatherAPI.WeatherAPICalls"/>
  <testcase name="gettingWeatherInfo4" time="0.198" classname="weatherAPI.WeatherAPICalls"/>
</testsuite> <!-- weatherAPI.WeatherAPICalls -->
